<?xml version="1.0" encoding="UTF-8"?>
<testng-results skipped="0" failed="2" ignored="0" total="14" passed="12">
  <reporter-output>
  </reporter-output>
  <suite name="Surefire suite" duration-ms="200588" started-at="2022-07-04T16:11:42 AST" finished-at="2022-07-04T16:15:03 AST">
    <groups>
      <group name="cucumber">
        <method signature="AbstractTestNGCucumberTests.runScenario(io.cucumber.testng.PickleWrapper,io.cucumber.testng.FeatureWrapper)[pri:0, instance:org.example.Runner.testRunner@757942a1]" name="runScenario" class="io.cucumber.testng.AbstractTestNGCucumberTests"/>
      </group> <!-- cucumber -->
    </groups>
    <test name="Surefire test" duration-ms="200588" started-at="2022-07-04T16:11:42 AST" finished-at="2022-07-04T16:15:03 AST">
      <class name="org.example.Runner.testRunner">
        <test-method status="PASS" signature="setUpClass(org.testng.ITestContext)[pri:0, instance:org.example.Runner.testRunner@757942a1]" name="setUpClass" is-config="true" duration-ms="519" started-at="2022-07-04T16:11:42 AST" finished-at="2022-07-04T16:11:43 AST">
          <params>
            <param index="0">
              <value>
                <![CDATA[org.testng.TestRunner@6182ffef]]>
              </value>
            </param>
          </params>
          <reporter-output>
          </reporter-output>
        </test-method> <!-- setUpClass -->
        <test-method status="PASS" signature="runScenario(io.cucumber.testng.PickleWrapper,io.cucumber.testng.FeatureWrapper)[pri:0, instance:org.example.Runner.testRunner@757942a1]" name="runScenario" duration-ms="18780" started-at="2022-07-04T16:11:43 AST" description="Runs Cucumber Scenarios" data-provider="scenarios" finished-at="2022-07-04T16:12:02 AST">
          <params>
            <param index="0">
              <value>
                <![CDATA["user could register entering valid data"]]>
              </value>
            </param>
            <param index="1">
              <value>
                <![CDATA["Registeration|| user could register to the site"]]>
              </value>
            </param>
          </params>
          <reporter-output>
          </reporter-output>
        </test-method> <!-- runScenario -->
        <test-method status="PASS" signature="runScenario(io.cucumber.testng.PickleWrapper,io.cucumber.testng.FeatureWrapper)[pri:0, instance:org.example.Runner.testRunner@757942a1]" name="runScenario" duration-ms="11550" started-at="2022-07-04T16:12:02 AST" description="Runs Cucumber Scenarios" data-provider="scenarios" finished-at="2022-07-04T16:12:13 AST">
          <params>
            <param index="0">
              <value>
                <![CDATA["user could login with valid data"]]>
              </value>
            </param>
            <param index="1">
              <value>
                <![CDATA["Login|| user could login to the site"]]>
              </value>
            </param>
          </params>
          <reporter-output>
          </reporter-output>
        </test-method> <!-- runScenario -->
        <test-method status="PASS" signature="runScenario(io.cucumber.testng.PickleWrapper,io.cucumber.testng.FeatureWrapper)[pri:0, instance:org.example.Runner.testRunner@757942a1]" name="runScenario" duration-ms="11352" started-at="2022-07-04T16:12:13 AST" description="Runs Cucumber Scenarios" data-provider="scenarios" finished-at="2022-07-04T16:12:25 AST">
          <params>
            <param index="0">
              <value>
                <![CDATA["user could login with invalid data"]]>
              </value>
            </param>
            <param index="1">
              <value>
                <![CDATA["Login|| user could login to the site"]]>
              </value>
            </param>
          </params>
          <reporter-output>
          </reporter-output>
        </test-method> <!-- runScenario -->
        <test-method status="FAIL" signature="runScenario(io.cucumber.testng.PickleWrapper,io.cucumber.testng.FeatureWrapper)[pri:0, instance:org.example.Runner.testRunner@757942a1]" name="runScenario" duration-ms="18293" started-at="2022-07-04T16:12:25 AST" description="Runs Cucumber Scenarios" data-provider="scenarios" finished-at="2022-07-04T16:12:43 AST">
          <params>
            <param index="0">
              <value>
                <![CDATA["user could reset his password"]]>
              </value>
            </param>
            <param index="1">
              <value>
                <![CDATA["Forgot Password|| User could reset his password"]]>
              </value>
            </param>
          </params>
          <exception class="org.openqa.selenium.NoSuchElementException">
            <message>
              <![CDATA[no such element: Unable to locate element: {"method":"css selector","selector":"a[href="/passwordrecovery"]"}
  (Session info: chrome=103.0.5060.66)
For documentation on this error, please visit: https://selenium.dev/exceptions/#no_such_element
Build info: version: '4.2.1', revision: 'ac4d0fdd4a'
System info: host: 'LAPTOP-08B0HJGN', ip: '192.168.3.105', os.name: 'Windows 11', os.arch: 'amd64', os.version: '10.0', java.version: '1.8.0_333'
Driver info: org.openqa.selenium.chrome.ChromeDriver
Command: [ce1f8fcd7b5342f1231855712748cdc9, findElement {using=css selector, value=a[href="/passwordrecovery"]}]
Capabilities {acceptInsecureCerts: false, browserName: chrome, browserVersion: 103.0.5060.66, chrome: {chromedriverVersion: 103.0.5060.53 (a1711811edd7..., userDataDir: C:\Users\Asmaa\AppData\Loca...}, goog:chromeOptions: {debuggerAddress: localhost:64748}, networkConnectionEnabled: false, pageLoadStrategy: normal, platformName: WINDOWS, proxy: Proxy(), se:cdp: ws://localhost:64748/devtoo..., se:cdpVersion: 103.0.5060.66, setWindowRect: true, strictFileInteractability: false, timeouts: {implicit: 0, pageLoad: 300000, script: 30000}, unhandledPromptBehavior: dismiss and notify, webauthn:extension:credBlob: true, webauthn:extension:largeBlob: true, webauthn:virtualAuthenticators: true}
Session ID: ce1f8fcd7b5342f1231855712748cdc9]]>
            </message>
            <full-stacktrace>
              <![CDATA[org.openqa.selenium.NoSuchElementException: no such element: Unable to locate element: {"method":"css selector","selector":"a[href="/passwordrecovery"]"}
  (Session info: chrome=103.0.5060.66)
For documentation on this error, please visit: https://selenium.dev/exceptions/#no_such_element
Build info: version: '4.2.1', revision: 'ac4d0fdd4a'
System info: host: 'LAPTOP-08B0HJGN', ip: '192.168.3.105', os.name: 'Windows 11', os.arch: 'amd64', os.version: '10.0', java.version: '1.8.0_333'
Driver info: org.openqa.selenium.chrome.ChromeDriver
Command: [ce1f8fcd7b5342f1231855712748cdc9, findElement {using=css selector, value=a[href="/passwordrecovery"]}]
Capabilities {acceptInsecureCerts: false, browserName: chrome, browserVersion: 103.0.5060.66, chrome: {chromedriverVersion: 103.0.5060.53 (a1711811edd7..., userDataDir: C:\Users\Asmaa\AppData\Loca...}, goog:chromeOptions: {debuggerAddress: localhost:64748}, networkConnectionEnabled: false, pageLoadStrategy: normal, platformName: WINDOWS, proxy: Proxy(), se:cdp: ws://localhost:64748/devtoo..., se:cdpVersion: 103.0.5060.66, setWindowRect: true, strictFileInteractability: false, timeouts: {implicit: 0, pageLoad: 300000, script: 30000}, unhandledPromptBehavior: dismiss and notify, webauthn:extension:credBlob: true, webauthn:extension:largeBlob: true, webauthn:virtualAuthenticators: true}
Session ID: ce1f8fcd7b5342f1231855712748cdc9
at sun.reflect.NativeConstructorAccessorImpl.newInstance0(Native Method)
at sun.reflect.NativeConstructorAccessorImpl.newInstance(NativeConstructorAccessorImpl.java:62)
at sun.reflect.DelegatingConstructorAccessorImpl.newInstance(DelegatingConstructorAccessorImpl.java:45)
at java.lang.reflect.Constructor.newInstance(Constructor.java:423)
at org.openqa.selenium.remote.codec.w3c.W3CHttpResponseCodec.createException(W3CHttpResponseCodec.java:200)
at org.openqa.selenium.remote.codec.w3c.W3CHttpResponseCodec.decode(W3CHttpResponseCodec.java:133)
at org.openqa.selenium.remote.codec.w3c.W3CHttpResponseCodec.decode(W3CHttpResponseCodec.java:53)
at org.openqa.selenium.remote.HttpCommandExecutor.execute(HttpCommandExecutor.java:184)
at org.openqa.selenium.remote.service.DriverCommandExecutor.invokeExecute(DriverCommandExecutor.java:167)
at org.openqa.selenium.remote.service.DriverCommandExecutor.execute(DriverCommandExecutor.java:142)
at org.openqa.selenium.remote.RemoteWebDriver.execute(RemoteWebDriver.java:551)
at org.openqa.selenium.remote.ElementLocation$ElementFinder$2.findElement(ElementLocation.java:162)
at org.openqa.selenium.remote.ElementLocation.findElement(ElementLocation.java:60)
at org.openqa.selenium.remote.RemoteWebDriver.findElement(RemoteWebDriver.java:369)
at org.openqa.selenium.remote.RemoteWebDriver.findElement(RemoteWebDriver.java:361)
at org.example.Pages.P03_ForgotPassPage.forgotPassBtn(P03_ForgotPassPage.java:12)
at org.example.StepDefinitions.D03_ForgotPassDef.user_click_on_forgot_password(D03_ForgotPassDef.java:22)
at ✽.user click on forgot password(file:///C:/Users/Asmaa/IdeaProjects/EcommerceFWD2/src/main/resources/features/F03_ForgotPass.feature:6)
]]>
            </full-stacktrace>
          </exception> <!-- org.openqa.selenium.NoSuchElementException -->
          <reporter-output>
          </reporter-output>
        </test-method> <!-- runScenario -->
        <test-method status="PASS" signature="runScenario(io.cucumber.testng.PickleWrapper,io.cucumber.testng.FeatureWrapper)[pri:0, instance:org.example.Runner.testRunner@757942a1]" name="runScenario" duration-ms="11564" started-at="2022-07-04T16:12:43 AST" description="Runs Cucumber Scenarios" data-provider="scenarios" finished-at="2022-07-04T16:12:54 AST">
          <params>
            <param index="0">
              <value>
                <![CDATA["Logged user could search products"]]>
              </value>
            </param>
            <param index="1">
              <value>
                <![CDATA["Search|| User could search of products"]]>
              </value>
            </param>
          </params>
          <reporter-output>
          </reporter-output>
        </test-method> <!-- runScenario -->
        <test-method status="PASS" signature="runScenario(io.cucumber.testng.PickleWrapper,io.cucumber.testng.FeatureWrapper)[pri:0, instance:org.example.Runner.testRunner@757942a1]" name="runScenario" duration-ms="12837" started-at="2022-07-04T16:12:54 AST" description="Runs Cucumber Scenarios" data-provider="scenarios" finished-at="2022-07-04T16:13:07 AST">
          <params>
            <param index="0">
              <value>
                <![CDATA["Logged user could search products"]]>
              </value>
            </param>
            <param index="1">
              <value>
                <![CDATA["Search|| User could search of products"]]>
              </value>
            </param>
          </params>
          <reporter-output>
          </reporter-output>
        </test-method> <!-- runScenario -->
        <test-method status="PASS" signature="runScenario(io.cucumber.testng.PickleWrapper,io.cucumber.testng.FeatureWrapper)[pri:0, instance:org.example.Runner.testRunner@757942a1]" name="runScenario" duration-ms="11031" started-at="2022-07-04T16:13:07 AST" description="Runs Cucumber Scenarios" data-provider="scenarios" finished-at="2022-07-04T16:13:18 AST">
          <params>
            <param index="0">
              <value>
                <![CDATA["Logged user could search products"]]>
              </value>
            </param>
            <param index="1">
              <value>
                <![CDATA["Search|| User could search of products"]]>
              </value>
            </param>
          </params>
          <reporter-output>
          </reporter-output>
        </test-method> <!-- runScenario -->
        <test-method status="PASS" signature="runScenario(io.cucumber.testng.PickleWrapper,io.cucumber.testng.FeatureWrapper)[pri:0, instance:org.example.Runner.testRunner@757942a1]" name="runScenario" duration-ms="17292" started-at="2022-07-04T16:13:18 AST" description="Runs Cucumber Scenarios" data-provider="scenarios" finished-at="2022-07-04T16:13:36 AST">
          <params>
            <param index="0">
              <value>
                <![CDATA["Logged user could search products"]]>
              </value>
            </param>
            <param index="1">
              <value>
                <![CDATA["Search|| User could search of products"]]>
              </value>
            </param>
          </params>
          <reporter-output>
          </reporter-output>
        </test-method> <!-- runScenario -->
        <test-method status="PASS" signature="runScenario(io.cucumber.testng.PickleWrapper,io.cucumber.testng.FeatureWrapper)[pri:0, instance:org.example.Runner.testRunner@757942a1]" name="runScenario" duration-ms="15356" started-at="2022-07-04T16:13:36 AST" description="Runs Cucumber Scenarios" data-provider="scenarios" finished-at="2022-07-04T16:13:51 AST">
          <params>
            <param index="0">
              <value>
                <![CDATA["Logged user could search products"]]>
              </value>
            </param>
            <param index="1">
              <value>
                <![CDATA["Search|| User could search of products"]]>
              </value>
            </param>
          </params>
          <reporter-output>
          </reporter-output>
        </test-method> <!-- runScenario -->
        <test-method status="PASS" signature="runScenario(io.cucumber.testng.PickleWrapper,io.cucumber.testng.FeatureWrapper)[pri:0, instance:org.example.Runner.testRunner@757942a1]" name="runScenario" duration-ms="17938" started-at="2022-07-04T16:13:51 AST" description="Runs Cucumber Scenarios" data-provider="scenarios" finished-at="2022-07-04T16:14:09 AST">
          <params>
            <param index="0">
              <value>
                <![CDATA["Logged user could search products"]]>
              </value>
            </param>
            <param index="1">
              <value>
                <![CDATA["Search|| User could search of products"]]>
              </value>
            </param>
          </params>
          <reporter-output>
          </reporter-output>
        </test-method> <!-- runScenario -->
        <test-method status="PASS" signature="runScenario(io.cucumber.testng.PickleWrapper,io.cucumber.testng.FeatureWrapper)[pri:0, instance:org.example.Runner.testRunner@757942a1]" name="runScenario" duration-ms="17716" started-at="2022-07-04T16:14:09 AST" description="Runs Cucumber Scenarios" data-provider="scenarios" finished-at="2022-07-04T16:14:27 AST">
          <params>
            <param index="0">
              <value>
                <![CDATA["Logged user could search products"]]>
              </value>
            </param>
            <param index="1">
              <value>
                <![CDATA["Search|| User could search of products"]]>
              </value>
            </param>
          </params>
          <reporter-output>
          </reporter-output>
        </test-method> <!-- runScenario -->
        <test-method status="PASS" signature="runScenario(io.cucumber.testng.PickleWrapper,io.cucumber.testng.FeatureWrapper)[pri:0, instance:org.example.Runner.testRunner@757942a1]" name="runScenario" duration-ms="12143" started-at="2022-07-04T16:14:27 AST" description="Runs Cucumber Scenarios" data-provider="scenarios" finished-at="2022-07-04T16:14:39 AST">
          <params>
            <param index="0">
              <value>
                <![CDATA["user could hover website categories"]]>
              </value>
            </param>
            <param index="1">
              <value>
                <![CDATA["F05HoverCategories | user could hover  on website categories and select a sub-category"]]>
              </value>
            </param>
          </params>
          <reporter-output>
          </reporter-output>
        </test-method> <!-- runScenario -->
        <test-method status="PASS" signature="runScenario(io.cucumber.testng.PickleWrapper,io.cucumber.testng.FeatureWrapper)[pri:0, instance:org.example.Runner.testRunner@757942a1]" name="runScenario" duration-ms="14992" started-at="2022-07-04T16:14:39 AST" description="Runs Cucumber Scenarios" data-provider="scenarios" finished-at="2022-07-04T16:14:54 AST">
          <params>
            <param index="0">
              <value>
                <![CDATA["logged user could switch between currencies"]]>
              </value>
            </param>
            <param index="1">
              <value>
                <![CDATA["Switch Currency|| user could switch between currencies"]]>
              </value>
            </param>
          </params>
          <reporter-output>
          </reporter-output>
        </test-method> <!-- runScenario -->
        <test-method status="FAIL" signature="runScenario(io.cucumber.testng.PickleWrapper,io.cucumber.testng.FeatureWrapper)[pri:0, instance:org.example.Runner.testRunner@757942a1]" name="runScenario" duration-ms="8867" started-at="2022-07-04T16:14:54 AST" description="Runs Cucumber Scenarios" data-provider="scenarios" finished-at="2022-07-04T16:15:03 AST">
          <params>
            <param index="0">
              <value>
                <![CDATA["user could navigate to a product using home slider"]]>
              </value>
            </param>
            <param index="1">
              <value>
                <![CDATA["F06HomeSliders | user could use home slider to navigate to a product"]]>
              </value>
            </param>
          </params>
          <exception class="java.lang.AssertionError">
            <message>
              <![CDATA[expected [https://demo.nopcommerce.com/search?q=nokia] but found []]]>
            </message>
            <full-stacktrace>
              <![CDATA[java.lang.AssertionError: expected [https://demo.nopcommerce.com/search?q=nokia] but found []
at org.testng.Assert.fail(Assert.java:110)
at org.testng.Assert.failNotEquals(Assert.java:1413)
at org.testng.Assert.assertEqualsImpl(Assert.java:149)
at org.testng.Assert.assertEquals(Assert.java:131)
at org.testng.Assert.assertEquals(Assert.java:655)
at org.testng.Assert.assertEquals(Assert.java:665)
at org.example.StepDefinitions.D06_HomeSliders.navigateHomeSliders(D06_HomeSliders.java:22)
at ✽.user could navigate Nokia products through homeSliders(file:///C:/Users/Asmaa/IdeaProjects/EcommerceFWD2/src/main/resources/features/F06_HomeSliders.feature:5)
]]>
            </full-stacktrace>
          </exception> <!-- java.lang.AssertionError -->
          <reporter-output>
          </reporter-output>
        </test-method> <!-- runScenario -->
        <test-method status="PASS" signature="tearDownClass()[pri:0, instance:org.example.Runner.testRunner@757942a1]" name="tearDownClass" is-config="true" duration-ms="309" started-at="2022-07-04T16:15:03 AST" finished-at="2022-07-04T16:15:03 AST">
          <reporter-output>
          </reporter-output>
        </test-method> <!-- tearDownClass -->
      </class> <!-- org.example.Runner.testRunner -->
    </test> <!-- Surefire test -->
  </suite> <!-- Surefire suite -->
</testng-results>
