<?xml version="1.0" encoding="UTF-8" standalone="no"?>
<testsuite errors="0" failures="2" name="io.cucumber.core.plugin.JUnitFormatter" skipped="0" tests="14" time="252.867">
<testcase classname="Registeration|| user could register to the site" name="user could register entering valid data" time="17.315">
<system-out><![CDATA[Given user navigate to home page............................................passed
And user click register.....................................................passed
When user fills gender"male" fname"automation" lname"tester" day"10" month"9" year"1998" email"test133@gmail.com" valid data.passed
And user fills valid password "password" confirm "password".................passed
And user clicks register button.............................................passed
Then success message is displayed...........................................passed
]]></system-out>
</testcase>
<testcase classname="Login|| user could login to the site" name="user could login with valid data" time="12.322">
<system-out><![CDATA[Given user navigate to home page............................................passed
And user click on login.....................................................passed
When user enter valid "test133@gmail.com" and valid "password"..............passed
And user clicks login button................................................passed
Then user logged in successfully............................................passed
]]></system-out>
</testcase>
<testcase classname="Login|| user could login to the site" name="user could login with invalid data" time="10.441">
<system-out><![CDATA[Given user navigate to home page............................................passed
And user click on login.....................................................passed
When user enter valid "test11@ail.com" and valid "613"......................passed
And user clicks login button................................................passed
Then user could not login...................................................passed
]]></system-out>
</testcase>
<testcase classname="Forgot Password|| User could reset his password" name="user could reset his password" time="18.899">
<failure message="no such element: Unable to locate element: {&quot;method&quot;:&quot;css selector&quot;,&quot;selector&quot;:&quot;a[href=&quot;/passwordrecovery&quot;]&quot;}&#10;  (Session info: chrome=103.0.5060.66)&#10;For documentation on this error, please visit: https://selenium.dev/exceptions/#no_such_element&#10;Build info: version: '4.2.1', revision: 'ac4d0fdd4a'&#10;System info: host: 'LAPTOP-08B0HJGN', ip: '192.168.3.105', os.name: 'Windows 11', os.arch: 'amd64', os.version: '10.0', java.version: '1.8.0_333'&#10;Driver info: org.openqa.selenium.chrome.ChromeDriver&#10;Command: [72778187dc590d62c2411d6296bf3cd2, findElement {using=css selector, value=a[href=&quot;/passwordrecovery&quot;]}]&#10;Capabilities {acceptInsecureCerts: false, browserName: chrome, browserVersion: 103.0.5060.66, chrome: {chromedriverVersion: 103.0.5060.53 (a1711811edd7..., userDataDir: C:\Users\Asmaa\AppData\Loca...}, goog:chromeOptions: {debuggerAddress: localhost:57151}, networkConnectionEnabled: false, pageLoadStrategy: normal, platformName: WINDOWS, proxy: Proxy(), se:cdp: ws://localhost:57151/devtoo..., se:cdpVersion: 103.0.5060.66, setWindowRect: true, strictFileInteractability: false, timeouts: {implicit: 0, pageLoad: 300000, script: 30000}, unhandledPromptBehavior: dismiss and notify, webauthn:extension:credBlob: true, webauthn:extension:largeBlob: true, webauthn:virtualAuthenticators: true}&#10;Session ID: 72778187dc590d62c2411d6296bf3cd2" type="org.openqa.selenium.NoSuchElementException"><![CDATA[Given user navigate to home page............................................passed
And user click on forgot password...........................................failed
And user enter his "test133@gmail.com"......................................skipped
And user click on recovery..................................................skipped
Then email is sent to the user..............................................skipped

StackTrace:
org.openqa.selenium.NoSuchElementException: no such element: Unable to locate element: {"method":"css selector","selector":"a[href="/passwordrecovery"]"}
  (Session info: chrome=103.0.5060.66)
For documentation on this error, please visit: https://selenium.dev/exceptions/#no_such_element
Build info: version: '4.2.1', revision: 'ac4d0fdd4a'
System info: host: 'LAPTOP-08B0HJGN', ip: '192.168.3.105', os.name: 'Windows 11', os.arch: 'amd64', os.version: '10.0', java.version: '1.8.0_333'
Driver info: org.openqa.selenium.chrome.ChromeDriver
Command: [72778187dc590d62c2411d6296bf3cd2, findElement {using=css selector, value=a[href="/passwordrecovery"]}]
Capabilities {acceptInsecureCerts: false, browserName: chrome, browserVersion: 103.0.5060.66, chrome: {chromedriverVersion: 103.0.5060.53 (a1711811edd7..., userDataDir: C:\Users\Asmaa\AppData\Loca...}, goog:chromeOptions: {debuggerAddress: localhost:57151}, networkConnectionEnabled: false, pageLoadStrategy: normal, platformName: WINDOWS, proxy: Proxy(), se:cdp: ws://localhost:57151/devtoo..., se:cdpVersion: 103.0.5060.66, setWindowRect: true, strictFileInteractability: false, timeouts: {implicit: 0, pageLoad: 300000, script: 30000}, unhandledPromptBehavior: dismiss and notify, webauthn:extension:credBlob: true, webauthn:extension:largeBlob: true, webauthn:virtualAuthenticators: true}
Session ID: 72778187dc590d62c2411d6296bf3cd2
	at sun.reflect.NativeConstructorAccessorImpl.newInstance0(Native Method)
	at sun.reflect.NativeConstructorAccessorImpl.newInstance(NativeConstructorAccessorImpl.java:62)
	at sun.reflect.DelegatingConstructorAccessorImpl.newInstance(DelegatingConstructorAccessorImpl.java:45)
	at java.lang.reflect.Constructor.newInstance(Constructor.java:423)
	at org.openqa.selenium.remote.codec.w3c.W3CHttpResponseCodec.createException(W3CHttpResponseCodec.java:200)
	at org.openqa.selenium.remote.codec.w3c.W3CHttpResponseCodec.decode(W3CHttpResponseCodec.java:133)
	at org.openqa.selenium.remote.codec.w3c.W3CHttpResponseCodec.decode(W3CHttpResponseCodec.java:53)
	at org.openqa.selenium.remote.HttpCommandExecutor.execute(HttpCommandExecutor.java:184)
	at org.openqa.selenium.remote.service.DriverCommandExecutor.invokeExecute(DriverCommandExecutor.java:167)
	at org.openqa.selenium.remote.service.DriverCommandExecutor.execute(DriverCommandExecutor.java:142)
	at org.openqa.selenium.remote.RemoteWebDriver.execute(RemoteWebDriver.java:551)
	at org.openqa.selenium.remote.ElementLocation$ElementFinder$2.findElement(ElementLocation.java:162)
	at org.openqa.selenium.remote.ElementLocation.findElement(ElementLocation.java:60)
	at org.openqa.selenium.remote.RemoteWebDriver.findElement(RemoteWebDriver.java:369)
	at org.openqa.selenium.remote.RemoteWebDriver.findElement(RemoteWebDriver.java:361)
	at org.example.Pages.P03_ForgotPassPage.forgotPassBtn(P03_ForgotPassPage.java:12)
	at org.example.StepDefinitions.D03_ForgotPassDef.user_click_on_forgot_password(D03_ForgotPassDef.java:22)
	at ✽.user click on forgot password(file:///C:/Users/Asmaa/IdeaProjects/EcommerceFWD2/src/main/resources/features/F03_ForgotPass.feature:6)
]]></failure>
</testcase>
<testcase classname="Search|| User could search of products" name="Logged user could search products" time="12.742">
<system-out><![CDATA[Given user navigate to home page............................................passed
When user click on search field.............................................passed
And user enter "HTC" to search..............................................passed
Then user find the product and relative products............................passed
]]></system-out>
</testcase>
<testcase classname="Search|| User could search of products" name="Logged user could search products 2" time="29.189">
<system-out><![CDATA[Given user navigate to home page............................................passed
When user click on search field.............................................passed
And user enter "Apple" to search............................................passed
Then user find the product and relative products............................passed
]]></system-out>
</testcase>
<testcase classname="Search|| User could search of products" name="Logged user could search products 3" time="15.422">
<system-out><![CDATA[Given user navigate to home page............................................passed
When user click on search field.............................................passed
And user enter "nike" to search.............................................passed
Then user find the product and relative products............................passed
]]></system-out>
</testcase>
<testcase classname="Search|| User could search of products" name="Logged user could search products 4" time="24.997">
<system-out><![CDATA[Given user navigate to home page............................................passed
When user click on search field.............................................passed
And user enter "SCI_FAITH" to search........................................passed
Then user find "SCI_FAITH" product..........................................passed
]]></system-out>
</testcase>
<testcase classname="Search|| User could search of products" name="Logged user could search products 5" time="23.521">
<system-out><![CDATA[Given user navigate to home page............................................passed
When user click on search field.............................................passed
And user enter "APPLE_CAM" to search........................................passed
Then user find "APPLE_CAM" product..........................................passed
]]></system-out>
</testcase>
<testcase classname="Search|| User could search of products" name="Logged user could search products 6" time="23.847">
<system-out><![CDATA[Given user navigate to home page............................................passed
When user click on search field.............................................passed
And user enter "SF_PRO_11" to search........................................passed
Then user find "SF_PRO_11" product..........................................passed
]]></system-out>
</testcase>
<testcase classname="Search|| User could search of products" name="Logged user could search products 7" time="19.209">
<system-out><![CDATA[Given user navigate to home page............................................passed
When user click on search field.............................................passed
And user enter "AP_MBP_13" to search........................................passed
Then user find "AP_MBP_13" product..........................................passed
]]></system-out>
</testcase>
<testcase classname="F05HoverCategories | user could hover  on website categories and select a sub-category" name="user could hover website categories" time="14.328">
<system-out><![CDATA[Given user could navigates to the website homepage..........................passed
When user hovers category and selects a sub-category........................passed
]]></system-out>
</testcase>
<testcase classname="Switch Currency|| user could switch between currencies" name="logged user could switch between currencies" time="19.726">
<system-out><![CDATA[Given user navigate to home page............................................passed
When user choose Euro from dropdown menu....................................passed
Then euro is selected successfully..........................................passed
When user choose USD from dropdown menu.....................................passed
Then usd is selected successfully...........................................passed
]]></system-out>
</testcase>
<testcase classname="F06HomeSliders | user could use home slider to navigate to a product" name="user could navigate to a product using home slider" time="10.51">
<failure message="expected [https://demo.nopcommerce.com/search?q=nokia] but found []" type="java.lang.AssertionError"><![CDATA[Given user could navigates to the  homepage.................................passed
When user could navigate Nokia products through homeSliders.................failed

StackTrace:
java.lang.AssertionError: expected [https://demo.nopcommerce.com/search?q=nokia] but found []
	at org.testng.Assert.fail(Assert.java:110)
	at org.testng.Assert.failNotEquals(Assert.java:1413)
	at org.testng.Assert.assertEqualsImpl(Assert.java:149)
	at org.testng.Assert.assertEquals(Assert.java:131)
	at org.testng.Assert.assertEquals(Assert.java:655)
	at org.testng.Assert.assertEquals(Assert.java:665)
	at org.example.StepDefinitions.D06_HomeSliders.navigateHomeSliders(D06_HomeSliders.java:22)
	at ✽.user could navigate Nokia products through homeSliders(file:///C:/Users/Asmaa/IdeaProjects/EcommerceFWD2/src/main/resources/features/F06_HomeSliders.feature:5)
]]></failure>
</testcase>
</testsuite>
